<?xml version="1.0" encoding="UTF-8"?>
<testsuite xmlns:xsi="http://www.w3.org/2001/XMLSchema-instance" xsi:noNamespaceSchemaLocation="https://maven.apache.org/surefire/maven-surefire-plugin/xsd/surefire-test-report-3.0.xsd" version="3.0" name="TestSuite" time="0.946" tests="2" errors="0" skipped="0" failures="0">
  <properties>
    <property name="sun.desktop" value="windows"/>
    <property name="awt.toolkit" value="sun.awt.windows.WToolkit"/>
    <property name="java.specification.version" value="11"/>
    <property name="sun.cpu.isalist" value="amd64"/>
    <property name="sun.jnu.encoding" value="Cp1252"/>
    <property name="java.class.path" value="C:\Anees\D Drive\AzureDevops\AzureDevOps\target\test-classes;C:\Anees\D Drive\AzureDevops\AzureDevOps\target\classes;C:\Users\mohda\.m2\repository\org\seleniumhq\selenium\selenium-java\4.0.0-rc-3\selenium-java-4.0.0-rc-3.jar;C:\Users\mohda\.m2\repository\org\seleniumhq\selenium\selenium-api\4.0.0-rc-3\selenium-api-4.0.0-rc-3.jar;C:\Users\mohda\.m2\repository\org\seleniumhq\selenium\selenium-chrome-driver\4.0.0-rc-3\selenium-chrome-driver-4.0.0-rc-3.jar;C:\Users\mohda\.m2\repository\com\google\auto\service\auto-service-annotations\1.0\auto-service-annotations-1.0.jar;C:\Users\mohda\.m2\repository\com\google\auto\service\auto-service\1.0\auto-service-1.0.jar;C:\Users\mohda\.m2\repository\com\google\auto\auto-common\1.0\auto-common-1.0.jar;C:\Users\mohda\.m2\repository\com\google\guava\guava\31.0.1-jre\guava-31.0.1-jre.jar;C:\Users\mohda\.m2\repository\com\google\guava\failureaccess\1.0.1\failureaccess-1.0.1.jar;C:\Users\mohda\.m2\repository\com\google\guava\listenablefuture\9999.0-empty-to-avoid-conflict-with-guava\listenablefuture-9999.0-empty-to-avoid-conflict-with-guava.jar;C:\Users\mohda\.m2\repository\com\google\code\findbugs\jsr305\3.0.2\jsr305-3.0.2.jar;C:\Users\mohda\.m2\repository\org\checkerframework\checker-qual\3.12.0\checker-qual-3.12.0.jar;C:\Users\mohda\.m2\repository\com\google\errorprone\error_prone_annotations\2.7.1\error_prone_annotations-2.7.1.jar;C:\Users\mohda\.m2\repository\com\google\j2objc\j2objc-annotations\1.3\j2objc-annotations-1.3.jar;C:\Users\mohda\.m2\repository\org\seleniumhq\selenium\selenium-chromium-driver\4.0.0-rc-3\selenium-chromium-driver-4.0.0-rc-3.jar;C:\Users\mohda\.m2\repository\org\seleniumhq\selenium\selenium-json\4.0.0-rc-3\selenium-json-4.0.0-rc-3.jar;C:\Users\mohda\.m2\repository\org\seleniumhq\selenium\selenium-devtools-v85\4.0.0-rc-3\selenium-devtools-v85-4.0.0-rc-3.jar;C:\Users\mohda\.m2\repository\org\seleniumhq\selenium\selenium-devtools-v93\4.0.0-rc-3\selenium-devtools-v93-4.0.0-rc-3.jar;C:\Users\mohda\.m2\repository\org\seleniumhq\selenium\selenium-devtools-v94\4.0.0-rc-3\selenium-devtools-v94-4.0.0-rc-3.jar;C:\Users\mohda\.m2\repository\org\seleniumhq\selenium\selenium-devtools-v95\4.0.0-rc-3\selenium-devtools-v95-4.0.0-rc-3.jar;C:\Users\mohda\.m2\repository\org\seleniumhq\selenium\selenium-edge-driver\4.0.0-rc-3\selenium-edge-driver-4.0.0-rc-3.jar;C:\Users\mohda\.m2\repository\org\seleniumhq\selenium\selenium-firefox-driver\4.0.0-rc-3\selenium-firefox-driver-4.0.0-rc-3.jar;C:\Users\mohda\.m2\repository\org\seleniumhq\selenium\selenium-firefox-xpi-driver\4.0.0-rc-3\selenium-firefox-xpi-driver-4.0.0-rc-3.jar;C:\Users\mohda\.m2\repository\org\seleniumhq\selenium\selenium-ie-driver\4.0.0-rc-3\selenium-ie-driver-4.0.0-rc-3.jar;C:\Users\mohda\.m2\repository\org\seleniumhq\selenium\selenium-opera-driver\4.0.0-rc-3\selenium-opera-driver-4.0.0-rc-3.jar;C:\Users\mohda\.m2\repository\org\seleniumhq\selenium\selenium-remote-driver\4.0.0-rc-3\selenium-remote-driver-4.0.0-rc-3.jar;C:\Users\mohda\.m2\repository\io\netty\netty-buffer\4.1.68.Final\netty-buffer-4.1.68.Final.jar;C:\Users\mohda\.m2\repository\io\netty\netty-codec-http\4.1.67.Final\netty-codec-http-4.1.67.Final.jar;C:\Users\mohda\.m2\repository\io\netty\netty-codec\4.1.67.Final\netty-codec-4.1.67.Final.jar;C:\Users\mohda\.m2\repository\io\netty\netty-handler\4.1.67.Final\netty-handler-4.1.67.Final.jar;C:\Users\mohda\.m2\repository\io\netty\netty-common\4.1.68.Final\netty-common-4.1.68.Final.jar;C:\Users\mohda\.m2\repository\io\netty\netty-transport-native-epoll\4.1.67.Final\netty-transport-native-epoll-4.1.67.Final.jar;C:\Users\mohda\.m2\repository\io\netty\netty-transport-native-kqueue\4.1.67.Final\netty-transport-native-kqueue-4.1.67.Final.jar;C:\Users\mohda\.m2\repository\io\netty\netty-transport-native-unix-common\4.1.67.Final\netty-transport-native-unix-common-4.1.67.Final.jar;C:\Users\mohda\.m2\repository\io\netty\netty-transport\4.1.68.Final\netty-transport-4.1.68.Final.jar;C:\Users\mohda\.m2\repository\io\netty\netty-resolver\4.1.68.Final\netty-resolver-4.1.68.Final.jar;C:\Users\mohda\.m2\repository\io\opentelemetry\opentelemetry-api\1.6.0\opentelemetry-api-1.6.0.jar;C:\Users\mohda\.m2\repository\io\opentelemetry\opentelemetry-context\1.6.0\opentelemetry-context-1.6.0.jar;C:\Users\mohda\.m2\repository\io\opentelemetry\opentelemetry-exporter-logging\1.6.0\opentelemetry-exporter-logging-1.6.0.jar;C:\Users\mohda\.m2\repository\io\opentelemetry\opentelemetry-sdk-metrics\1.6.0-alpha\opentelemetry-sdk-metrics-1.6.0-alpha.jar;C:\Users\mohda\.m2\repository\io\opentelemetry\opentelemetry-sdk-common\1.6.0\opentelemetry-sdk-common-1.6.0.jar;C:\Users\mohda\.m2\repository\io\opentelemetry\opentelemetry-sdk-extension-autoconfigure-spi\1.6.0\opentelemetry-sdk-extension-autoconfigure-spi-1.6.0.jar;C:\Users\mohda\.m2\repository\io\opentelemetry\opentelemetry-sdk-extension-autoconfigure\1.6.0-alpha\opentelemetry-sdk-extension-autoconfigure-1.6.0-alpha.jar;C:\Users\mohda\.m2\repository\io\opentelemetry\opentelemetry-sdk-trace\1.6.0\opentelemetry-sdk-trace-1.6.0.jar;C:\Users\mohda\.m2\repository\io\opentelemetry\opentelemetry-api-metrics\1.6.0-alpha\opentelemetry-api-metrics-1.6.0-alpha.jar;C:\Users\mohda\.m2\repository\io\opentelemetry\opentelemetry-sdk\1.6.0\opentelemetry-sdk-1.6.0.jar;C:\Users\mohda\.m2\repository\io\opentelemetry\opentelemetry-semconv\1.6.0-alpha\opentelemetry-semconv-1.6.0-alpha.jar;C:\Users\mohda\.m2\repository\io\ous\jtoml\2.0.0\jtoml-2.0.0.jar;C:\Users\mohda\.m2\repository\net\bytebuddy\byte-buddy\1.11.19\byte-buddy-1.11.19.jar;C:\Users\mohda\.m2\repository\org\apache\commons\commons-exec\1.3\commons-exec-1.3.jar;C:\Users\mohda\.m2\repository\org\asynchttpclient\async-http-client\2.12.3\async-http-client-2.12.3.jar;C:\Users\mohda\.m2\repository\org\asynchttpclient\async-http-client-netty-utils\2.12.3\async-http-client-netty-utils-2.12.3.jar;C:\Users\mohda\.m2\repository\io\netty\netty-codec-socks\4.1.60.Final\netty-codec-socks-4.1.60.Final.jar;C:\Users\mohda\.m2\repository\io\netty\netty-handler-proxy\4.1.60.Final\netty-handler-proxy-4.1.60.Final.jar;C:\Users\mohda\.m2\repository\io\netty\netty-transport-native-epoll\4.1.60.Final\netty-transport-native-epoll-4.1.60.Final-linux-x86_64.jar;C:\Users\mohda\.m2\repository\io\netty\netty-transport-native-kqueue\4.1.60.Final\netty-transport-native-kqueue-4.1.60.Final-osx-x86_64.jar;C:\Users\mohda\.m2\repository\com\typesafe\netty\netty-reactive-streams\2.0.4\netty-reactive-streams-2.0.4.jar;C:\Users\mohda\.m2\repository\org\slf4j\slf4j-api\1.7.30\slf4j-api-1.7.30.jar;C:\Users\mohda\.m2\repository\com\sun\activation\jakarta.activation\1.2.2\jakarta.activation-1.2.2.jar;C:\Users\mohda\.m2\repository\org\seleniumhq\selenium\selenium-http\4.0.0-rc-3\selenium-http-4.0.0-rc-3.jar;C:\Users\mohda\.m2\repository\org\seleniumhq\selenium\selenium-safari-driver\4.0.0-rc-3\selenium-safari-driver-4.0.0-rc-3.jar;C:\Users\mohda\.m2\repository\org\seleniumhq\selenium\selenium-support\4.0.0-rc-3\selenium-support-4.0.0-rc-3.jar;C:\Users\mohda\.m2\repository\org\testng\testng\7.4.0\testng-7.4.0.jar;C:\Users\mohda\.m2\repository\com\beust\jcommander\1.78\jcommander-1.78.jar;C:\Users\mohda\.m2\repository\org\webjars\jquery\3.5.1\jquery-3.5.1.jar;C:\Users\mohda\.m2\repository\com\aventstack\extentreports\5.0.9\extentreports-5.0.9.jar;C:\Users\mohda\.m2\repository\io\reactivex\rxjava3\rxjava\3.0.4\rxjava-3.0.4.jar;C:\Users\mohda\.m2\repository\org\reactivestreams\reactive-streams\1.0.3\reactive-streams-1.0.3.jar;C:\Users\mohda\.m2\repository\org\freemarker\freemarker\2.3.30\freemarker-2.3.30.jar;C:\Users\mohda\.m2\repository\org\projectlombok\lombok\1.18.12\lombok-1.18.12.jar;C:\Users\mohda\.m2\repository\com\google\code\gson\gson\2.8.6\gson-2.8.6.jar;"/>
    <property name="sun.awt.enableExtraMouseButtons" value="true"/>
    <property name="java.vm.vendor" value="Oracle Corporation"/>
    <property name="sun.arch.data.model" value="64"/>
    <property name="user.variant" value=""/>
    <property name="java.vendor.url" value="https://openjdk.java.net/"/>
    <property name="user.timezone" value="Asia/Singapore"/>
    <property name="java.vm.specification.version" value="11"/>
    <property name="os.name" value="Windows 11"/>
    <property name="sun.java.launcher" value="SUN_STANDARD"/>
    <property name="user.country" value="MY"/>
    <property name="sun.boot.library.path" value="C:\Program Files\Java\jdk-11\bin"/>
    <property name="sun.java.command" value="C:\Users\mohda\AppData\Local\Temp\surefire125556297407583054\surefirebooter14158794486740611898.jar C:\Users\mohda\AppData\Local\Temp\surefire125556297407583054 2023-07-02T00-19-46_393-jvmRun1 surefire1248024109768809133tmp surefire_011261125853074281354tmp"/>
    <property name="jdk.debug" value="release"/>
    <property name="surefire.test.class.path" value="C:\Anees\D Drive\AzureDevops\AzureDevOps\target\test-classes;C:\Anees\D Drive\AzureDevops\AzureDevOps\target\classes;C:\Users\mohda\.m2\repository\org\seleniumhq\selenium\selenium-java\4.0.0-rc-3\selenium-java-4.0.0-rc-3.jar;C:\Users\mohda\.m2\repository\org\seleniumhq\selenium\selenium-api\4.0.0-rc-3\selenium-api-4.0.0-rc-3.jar;C:\Users\mohda\.m2\repository\org\seleniumhq\selenium\selenium-chrome-driver\4.0.0-rc-3\selenium-chrome-driver-4.0.0-rc-3.jar;C:\Users\mohda\.m2\repository\com\google\auto\service\auto-service-annotations\1.0\auto-service-annotations-1.0.jar;C:\Users\mohda\.m2\repository\com\google\auto\service\auto-service\1.0\auto-service-1.0.jar;C:\Users\mohda\.m2\repository\com\google\auto\auto-common\1.0\auto-common-1.0.jar;C:\Users\mohda\.m2\repository\com\google\guava\guava\31.0.1-jre\guava-31.0.1-jre.jar;C:\Users\mohda\.m2\repository\com\google\guava\failureaccess\1.0.1\failureaccess-1.0.1.jar;C:\Users\mohda\.m2\repository\com\google\guava\listenablefuture\9999.0-empty-to-avoid-conflict-with-guava\listenablefuture-9999.0-empty-to-avoid-conflict-with-guava.jar;C:\Users\mohda\.m2\repository\com\google\code\findbugs\jsr305\3.0.2\jsr305-3.0.2.jar;C:\Users\mohda\.m2\repository\org\checkerframework\checker-qual\3.12.0\checker-qual-3.12.0.jar;C:\Users\mohda\.m2\repository\com\google\errorprone\error_prone_annotations\2.7.1\error_prone_annotations-2.7.1.jar;C:\Users\mohda\.m2\repository\com\google\j2objc\j2objc-annotations\1.3\j2objc-annotations-1.3.jar;C:\Users\mohda\.m2\repository\org\seleniumhq\selenium\selenium-chromium-driver\4.0.0-rc-3\selenium-chromium-driver-4.0.0-rc-3.jar;C:\Users\mohda\.m2\repository\org\seleniumhq\selenium\selenium-json\4.0.0-rc-3\selenium-json-4.0.0-rc-3.jar;C:\Users\mohda\.m2\repository\org\seleniumhq\selenium\selenium-devtools-v85\4.0.0-rc-3\selenium-devtools-v85-4.0.0-rc-3.jar;C:\Users\mohda\.m2\repository\org\seleniumhq\selenium\selenium-devtools-v93\4.0.0-rc-3\selenium-devtools-v93-4.0.0-rc-3.jar;C:\Users\mohda\.m2\repository\org\seleniumhq\selenium\selenium-devtools-v94\4.0.0-rc-3\selenium-devtools-v94-4.0.0-rc-3.jar;C:\Users\mohda\.m2\repository\org\seleniumhq\selenium\selenium-devtools-v95\4.0.0-rc-3\selenium-devtools-v95-4.0.0-rc-3.jar;C:\Users\mohda\.m2\repository\org\seleniumhq\selenium\selenium-edge-driver\4.0.0-rc-3\selenium-edge-driver-4.0.0-rc-3.jar;C:\Users\mohda\.m2\repository\org\seleniumhq\selenium\selenium-firefox-driver\4.0.0-rc-3\selenium-firefox-driver-4.0.0-rc-3.jar;C:\Users\mohda\.m2\repository\org\seleniumhq\selenium\selenium-firefox-xpi-driver\4.0.0-rc-3\selenium-firefox-xpi-driver-4.0.0-rc-3.jar;C:\Users\mohda\.m2\repository\org\seleniumhq\selenium\selenium-ie-driver\4.0.0-rc-3\selenium-ie-driver-4.0.0-rc-3.jar;C:\Users\mohda\.m2\repository\org\seleniumhq\selenium\selenium-opera-driver\4.0.0-rc-3\selenium-opera-driver-4.0.0-rc-3.jar;C:\Users\mohda\.m2\repository\org\seleniumhq\selenium\selenium-remote-driver\4.0.0-rc-3\selenium-remote-driver-4.0.0-rc-3.jar;C:\Users\mohda\.m2\repository\io\netty\netty-buffer\4.1.68.Final\netty-buffer-4.1.68.Final.jar;C:\Users\mohda\.m2\repository\io\netty\netty-codec-http\4.1.67.Final\netty-codec-http-4.1.67.Final.jar;C:\Users\mohda\.m2\repository\io\netty\netty-codec\4.1.67.Final\netty-codec-4.1.67.Final.jar;C:\Users\mohda\.m2\repository\io\netty\netty-handler\4.1.67.Final\netty-handler-4.1.67.Final.jar;C:\Users\mohda\.m2\repository\io\netty\netty-common\4.1.68.Final\netty-common-4.1.68.Final.jar;C:\Users\mohda\.m2\repository\io\netty\netty-transport-native-epoll\4.1.67.Final\netty-transport-native-epoll-4.1.67.Final.jar;C:\Users\mohda\.m2\repository\io\netty\netty-transport-native-kqueue\4.1.67.Final\netty-transport-native-kqueue-4.1.67.Final.jar;C:\Users\mohda\.m2\repository\io\netty\netty-transport-native-unix-common\4.1.67.Final\netty-transport-native-unix-common-4.1.67.Final.jar;C:\Users\mohda\.m2\repository\io\netty\netty-transport\4.1.68.Final\netty-transport-4.1.68.Final.jar;C:\Users\mohda\.m2\repository\io\netty\netty-resolver\4.1.68.Final\netty-resolver-4.1.68.Final.jar;C:\Users\mohda\.m2\repository\io\opentelemetry\opentelemetry-api\1.6.0\opentelemetry-api-1.6.0.jar;C:\Users\mohda\.m2\repository\io\opentelemetry\opentelemetry-context\1.6.0\opentelemetry-context-1.6.0.jar;C:\Users\mohda\.m2\repository\io\opentelemetry\opentelemetry-exporter-logging\1.6.0\opentelemetry-exporter-logging-1.6.0.jar;C:\Users\mohda\.m2\repository\io\opentelemetry\opentelemetry-sdk-metrics\1.6.0-alpha\opentelemetry-sdk-metrics-1.6.0-alpha.jar;C:\Users\mohda\.m2\repository\io\opentelemetry\opentelemetry-sdk-common\1.6.0\opentelemetry-sdk-common-1.6.0.jar;C:\Users\mohda\.m2\repository\io\opentelemetry\opentelemetry-sdk-extension-autoconfigure-spi\1.6.0\opentelemetry-sdk-extension-autoconfigure-spi-1.6.0.jar;C:\Users\mohda\.m2\repository\io\opentelemetry\opentelemetry-sdk-extension-autoconfigure\1.6.0-alpha\opentelemetry-sdk-extension-autoconfigure-1.6.0-alpha.jar;C:\Users\mohda\.m2\repository\io\opentelemetry\opentelemetry-sdk-trace\1.6.0\opentelemetry-sdk-trace-1.6.0.jar;C:\Users\mohda\.m2\repository\io\opentelemetry\opentelemetry-api-metrics\1.6.0-alpha\opentelemetry-api-metrics-1.6.0-alpha.jar;C:\Users\mohda\.m2\repository\io\opentelemetry\opentelemetry-sdk\1.6.0\opentelemetry-sdk-1.6.0.jar;C:\Users\mohda\.m2\repository\io\opentelemetry\opentelemetry-semconv\1.6.0-alpha\opentelemetry-semconv-1.6.0-alpha.jar;C:\Users\mohda\.m2\repository\io\ous\jtoml\2.0.0\jtoml-2.0.0.jar;C:\Users\mohda\.m2\repository\net\bytebuddy\byte-buddy\1.11.19\byte-buddy-1.11.19.jar;C:\Users\mohda\.m2\repository\org\apache\commons\commons-exec\1.3\commons-exec-1.3.jar;C:\Users\mohda\.m2\repository\org\asynchttpclient\async-http-client\2.12.3\async-http-client-2.12.3.jar;C:\Users\mohda\.m2\repository\org\asynchttpclient\async-http-client-netty-utils\2.12.3\async-http-client-netty-utils-2.12.3.jar;C:\Users\mohda\.m2\repository\io\netty\netty-codec-socks\4.1.60.Final\netty-codec-socks-4.1.60.Final.jar;C:\Users\mohda\.m2\repository\io\netty\netty-handler-proxy\4.1.60.Final\netty-handler-proxy-4.1.60.Final.jar;C:\Users\mohda\.m2\repository\io\netty\netty-transport-native-epoll\4.1.60.Final\netty-transport-native-epoll-4.1.60.Final-linux-x86_64.jar;C:\Users\mohda\.m2\repository\io\netty\netty-transport-native-kqueue\4.1.60.Final\netty-transport-native-kqueue-4.1.60.Final-osx-x86_64.jar;C:\Users\mohda\.m2\repository\com\typesafe\netty\netty-reactive-streams\2.0.4\netty-reactive-streams-2.0.4.jar;C:\Users\mohda\.m2\repository\org\slf4j\slf4j-api\1.7.30\slf4j-api-1.7.30.jar;C:\Users\mohda\.m2\repository\com\sun\activation\jakarta.activation\1.2.2\jakarta.activation-1.2.2.jar;C:\Users\mohda\.m2\repository\org\seleniumhq\selenium\selenium-http\4.0.0-rc-3\selenium-http-4.0.0-rc-3.jar;C:\Users\mohda\.m2\repository\org\seleniumhq\selenium\selenium-safari-driver\4.0.0-rc-3\selenium-safari-driver-4.0.0-rc-3.jar;C:\Users\mohda\.m2\repository\org\seleniumhq\selenium\selenium-support\4.0.0-rc-3\selenium-support-4.0.0-rc-3.jar;C:\Users\mohda\.m2\repository\org\testng\testng\7.4.0\testng-7.4.0.jar;C:\Users\mohda\.m2\repository\com\beust\jcommander\1.78\jcommander-1.78.jar;C:\Users\mohda\.m2\repository\org\webjars\jquery\3.5.1\jquery-3.5.1.jar;C:\Users\mohda\.m2\repository\com\aventstack\extentreports\5.0.9\extentreports-5.0.9.jar;C:\Users\mohda\.m2\repository\io\reactivex\rxjava3\rxjava\3.0.4\rxjava-3.0.4.jar;C:\Users\mohda\.m2\repository\org\reactivestreams\reactive-streams\1.0.3\reactive-streams-1.0.3.jar;C:\Users\mohda\.m2\repository\org\freemarker\freemarker\2.3.30\freemarker-2.3.30.jar;C:\Users\mohda\.m2\repository\org\projectlombok\lombok\1.18.12\lombok-1.18.12.jar;C:\Users\mohda\.m2\repository\com\google\code\gson\gson\2.8.6\gson-2.8.6.jar;"/>
    <property name="sun.cpu.endian" value="little"/>
    <property name="user.home" value="C:\Users\mohda"/>
    <property name="user.language" value="en"/>
    <property name="java.specification.vendor" value="Oracle Corporation"/>
    <property name="java.version.date" value="2023-04-18"/>
    <property name="java.home" value="C:\Program Files\Java\jdk-11"/>
    <property name="file.separator" value="\"/>
    <property name="basedir" value="C:\Anees\D Drive\AzureDevops\AzureDevOps"/>
    <property name="java.vm.compressedOopsMode" value="Zero based"/>
    <property name="line.separator" value="&#10;"/>
    <property name="java.specification.name" value="Java Platform API Specification"/>
    <property name="java.vm.specification.vendor" value="Oracle Corporation"/>
    <property name="java.awt.graphicsenv" value="sun.awt.Win32GraphicsEnvironment"/>
    <property name="surefire.real.class.path" value="C:\Users\mohda\AppData\Local\Temp\surefire125556297407583054\surefirebooter14158794486740611898.jar"/>
    <property name="user.script" value=""/>
    <property name="sun.management.compiler" value="HotSpot 64-Bit Tiered Compilers"/>
    <property name="java.runtime.version" value="11.0.19+9-LTS-224"/>
    <property name="user.name" value="mohda"/>
    <property name="path.separator" value=";"/>
    <property name="os.version" value="10.0"/>
    <property name="java.runtime.name" value="Java(TM) SE Runtime Environment"/>
    <property name="file.encoding" value="Cp1252"/>
    <property name="java.vm.name" value="Java HotSpot(TM) 64-Bit Server VM"/>
    <property name="java.vendor.version" value="18.9"/>
    <property name="localRepository" value="C:\Users\mohda\.m2\repository"/>
    <property name="java.vendor.url.bug" value="https://bugreport.java.com/bugreport/"/>
    <property name="java.io.tmpdir" value="C:\Users\mohda\AppData\Local\Temp\"/>
    <property name="java.version" value="11.0.19"/>
    <property name="user.dir" value="C:\Anees\D Drive\AzureDevops\AzureDevOps"/>
    <property name="os.arch" value="amd64"/>
    <property name="java.vm.specification.name" value="Java Virtual Machine Specification"/>
    <property name="java.awt.printerjob" value="sun.awt.windows.WPrinterJob"/>
    <property name="sun.os.patch.level" value=""/>
    <property name="java.library.path" value="C:\Program Files\Java\jdk-11\bin;C:\Windows\Sun\Java\bin;C:\Windows\system32;C:\Windows;C:\Users\mohda\Downloads\WINDOWS.X64_193000_db_home\bin;C:\Program Files\Common Files\Oracle\Java\javapath;C:\Program Files (x86)\Common Files\Oracle\Java\javapath;C:\Windows\system32;C:\Windows;C:\Windows\System32\Wbem;C:\Windows\System32\WindowsPowerShell\v1.0\;C:\Windows\System32\OpenSSH\;C:\Program Files\dotnet\;C:\Program Files (x86)\NVIDIA Corporation\PhysX\Common;C:\Program Files\NVIDIA Corporation\NVIDIA NvDLISR;C:\apache-maven-3.9.1\bin;C:\Program Files\Git\cmd;C:\Program Files\Docker\Docker\resources\bin;C:\Program Files\Java\jdk-11\bin;C:\Program Files\MySQL\MySQL Shell 8.0\bin\;C:\Users\mohda\AppData\Local\Microsoft\WindowsApps;;."/>
    <property name="java.vendor" value="Oracle Corporation"/>
    <property name="java.vm.info" value="mixed mode"/>
    <property name="java.vm.version" value="11.0.19+9-LTS-224"/>
    <property name="sun.io.unicode.encoding" value="UnicodeLittle"/>
    <property name="java.class.version" value="55.0"/>
  </properties>
  <testcase name="f" classname="org.automation.testcases.Login01Test" time="0.006">
    <system-out><![CDATA[[TestNGContentHandler] [WARN] It is strongly recommended to add "<!DOCTYPE suite SYSTEM "https://testng.org/testng-1.0.dtd" >" at the top of the suite file [C:\Anees\D Drive\AzureDevops\AzureDevOps\src\test\java\RegressionSuite01.xml] otherwise TestNG may fail or not work as expected.
before test - LoginTest01
Test - LoginTest01
]]></system-out>
  </testcase>
  <testcase name="f" classname="org.automation.testcases.Login02Test" time="0">
    <system-out><![CDATA[after test - LoginTest01
before test - LoginTest02
Test - LoginTest02
]]></system-out>
  </testcase>
</testsuite>