<?xml version="1.0" encoding="UTF-8"?>
<!-- Generated by org.testng.reporters.JUnitReportReporter -->
<testsuite hostname="DESKTOP-T4H9A7M" failures="0" tests="1" name="org.automation.testcases.Login03Test" time="0.014" errors="0" timestamp="2021-10-16T19:21:41 SGT" skipped="0">
  <testcase classname="org.automation.testcases.Login03Test" name="f" time="0.014"/>
  <system-out/>
</testsuite> <!-- org.automation.testcases.Login03Test -->
