<?xml version="1.0" encoding="UTF-8"?>
<!-- Generated by org.testng.reporters.JUnitReportReporter -->
<testsuite hostname="DESKTOP-T4H9A7M" failures="0" tests="1" name="org.automation.testcases.Login04Test" time="0.005" errors="0" timestamp="2021-10-16T19:21:41 SGT" skipped="0">
  <testcase classname="org.automation.testcases.Login04Test" name="f" time="0.005"/>
  <system-out/>
</testsuite> <!-- org.automation.testcases.Login04Test -->
