<?xml version="1.0" encoding="UTF-8"?>
<!-- Generated by org.testng.reporters.JUnitReportReporter -->
<testsuite hostname="DESKTOP-T4H9A7M" failures="0" tests="1" name="org.automation.testcases.LoginTest" time="0.026" errors="0" timestamp="2021-10-15T01:43:42 SGT" skipped="0">
  <testcase classname="org.automation.testcases.LoginTest" name="f" time="0.026"/>
  <system-out/>
</testsuite> <!-- org.automation.testcases.LoginTest -->
