<?xml version="1.0" encoding="UTF-8"?>
<!-- Generated by org.testng.reporters.JUnitReportReporter -->
<testsuite hostname="Anees-PC" failures="0" tests="1" name="org.automation.testcases.Login01Test" time="0.006" errors="0" timestamp="2023-07-02T00:19:48 SGT" skipped="0">
  <testcase classname="org.automation.testcases.Login01Test" name="f" time="0.006"/>
  <system-out/>
</testsuite> <!-- org.automation.testcases.Login01Test -->
